<?xml version="1.0" encoding="UTF-8"?>
<testng-results ignored="0" total="1" passed="1" failed="0" skipped="0">
  <reporter-output>
  </reporter-output>
  <suite started-at="2025-07-08T22:41:29 IST" name="Surefire suite" finished-at="2025-07-08T22:41:44 IST" duration-ms="15053">
    <groups>
    </groups>
    <test started-at="2025-07-08T22:41:29 IST" name="Surefire test" finished-at="2025-07-08T22:41:44 IST" duration-ms="15053">
      <class name="ios.iOSBasic">
        <test-method is-config="true" signature="startAppiumService()[pri:0, instance:ios.iOSBasic@7c0c77c7]" started-at="2025-07-08T22:41:29 IST" name="startAppiumService" finished-at="2025-07-08T22:41:29 IST" duration-ms="44" status="PASS">
          <reporter-output>
          </reporter-output>
        </test-method> <!-- startAppiumService -->
        <test-method is-config="true" signature="setUp()[pri:0, instance:ios.iOSBasic@7c0c77c7]" started-at="2025-07-08T22:41:29 IST" name="setUp" finished-at="2025-07-08T22:41:32 IST" duration-ms="3361" status="PASS">
          <reporter-output>
          </reporter-output>
        </test-method> <!-- setUp -->
        <test-method signature="testiOSBasic()[pri:0, instance:ios.iOSBasic@7c0c77c7]" started-at="2025-07-08T22:41:32 IST" name="testiOSBasic" finished-at="2025-07-08T22:41:38 IST" duration-ms="5117" status="PASS">
          <reporter-output>
          </reporter-output>
        </test-method> <!-- testiOSBasic -->
        <test-method is-config="true" signature="tearDown()[pri:0, instance:ios.iOSBasic@7c0c77c7]" started-at="2025-07-08T22:41:38 IST" name="tearDown" finished-at="2025-07-08T22:41:39 IST" duration-ms="1081" status="PASS">
          <reporter-output>
          </reporter-output>
        </test-method> <!-- tearDown -->
        <test-method is-config="true" signature="stopAppiumService()[pri:0, instance:ios.iOSBasic@7c0c77c7]" started-at="2025-07-08T22:41:39 IST" name="stopAppiumService" finished-at="2025-07-08T22:41:44 IST" duration-ms="5436" status="PASS">
          <reporter-output>
          </reporter-output>
        </test-method> <!-- stopAppiumService -->
      </class> <!-- ios.iOSBasic -->
    </test> <!-- Surefire test -->
  </suite> <!-- Surefire suite -->
</testng-results>
