<?xml version="1.0" encoding="UTF-8"?>
<testng-results ignored="0" total="1" passed="1" failed="0" skipped="0">
  <reporter-output>
  </reporter-output>
  <suite started-at="2025-07-09T00:03:40 IST" name="Surefire suite" finished-at="2025-07-09T00:03:57 IST" duration-ms="16268">
    <groups>
    </groups>
    <test started-at="2025-07-09T00:03:40 IST" name="Surefire test" finished-at="2025-07-09T00:03:57 IST" duration-ms="16268">
      <class name="ios.iOSAppiumClickTest">
        <test-method is-config="true" signature="startAppiumService()[pri:0, instance:ios.iOSAppiumClickTest@7c0c77c7]" started-at="2025-07-09T00:03:40 IST" name="startAppiumService" finished-at="2025-07-09T00:03:42 IST" duration-ms="1354" status="PASS">
          <reporter-output>
          </reporter-output>
        </test-method> <!-- startAppiumService -->
        <test-method is-config="true" signature="setUp()[pri:0, instance:ios.iOSAppiumClickTest@7c0c77c7]" started-at="2025-07-09T00:03:42 IST" name="setUp" finished-at="2025-07-09T00:03:45 IST" duration-ms="3472" status="PASS">
          <reporter-output>
          </reporter-output>
        </test-method> <!-- setUp -->
        <test-method signature="alertViewFlow()[pri:0, instance:ios.iOSAppiumClickTest@7c0c77c7]" started-at="2025-07-09T00:03:45 IST" name="alertViewFlow" finished-at="2025-07-09T00:03:50 IST" duration-ms="4675" status="PASS">
          <reporter-output>
          </reporter-output>
        </test-method> <!-- alertViewFlow -->
        <test-method is-config="true" signature="tearDown()[pri:0, instance:ios.iOSAppiumClickTest@7c0c77c7]" started-at="2025-07-09T00:03:50 IST" name="tearDown" finished-at="2025-07-09T00:03:51 IST" duration-ms="1094" status="PASS">
          <reporter-output>
          </reporter-output>
        </test-method> <!-- tearDown -->
        <test-method is-config="true" signature="stopAppiumService()[pri:0, instance:ios.iOSAppiumClickTest@7c0c77c7]" started-at="2025-07-09T00:03:51 IST" name="stopAppiumService" finished-at="2025-07-09T00:03:57 IST" duration-ms="5656" status="PASS">
          <reporter-output>
          </reporter-output>
        </test-method> <!-- stopAppiumService -->
      </class> <!-- ios.iOSAppiumClickTest -->
    </test> <!-- Surefire test -->
  </suite> <!-- Surefire suite -->
</testng-results>
